<?xml version="1.0" encoding="UTF-8"?>
<!-- Generated by org.testng.reporters.JUnitReportReporter -->
<testsuite hostname="MSGN21027" failures="0" tests="2" name="cucumber.TestNGTestRunner" time="10.005" errors="0" timestamp="2025-06-17T12:04:34 MESZ" skipped="0">
  <testcase classname="cucumber.TestNGTestRunner" name="runScenario" time="6.044"/>
  <testcase classname="cucumber.TestNGTestRunner" name="runScenario" time="3.961"/>
</testsuite> <!-- cucumber.TestNGTestRunner -->
