<?xml version="1.0" encoding="UTF-8"?>
<!-- Generated by org.testng.reporters.JUnitReportReporter -->
<testsuite hostname="MSGN21027" failures="0" tests="2" name="msg.group.tests.ErrorValidationsTest" time="14.402" errors="0" timestamp="2025-05-07T13:50:46 MESZ" skipped="0">
  <testcase classname="msg.group.tests.ErrorValidationsTest" name="loginErrorValidation" time="5.248"/>
  <testcase classname="msg.group.tests.ErrorValidationsTest" name="productErrorValidation" time="9.154"/>
</testsuite> <!-- msg.group.tests.ErrorValidationsTest -->
