<?xml version="1.0" encoding="UTF-8"?>
<!-- Generated by org.testng.reporters.JUnitReportReporter -->
<testsuite hostname="MSGN21027" failures="0" tests="2" name="cucumber.TestNGTestRunner" time="11.561" errors="0" timestamp="2025-05-06T13:25:24 MESZ" skipped="0">
  <testcase classname="cucumber.TestNGTestRunner" name="runScenario" time="6.621"/>
  <testcase classname="cucumber.TestNGTestRunner" name="runScenario" time="4.940"/>
</testsuite> <!-- cucumber.TestNGTestRunner -->
