<?xml version="1.0" encoding="UTF-8"?>
<!-- Generated by org.testng.reporters.JUnitReportReporter -->
<testsuite hostname="MSGN21027" failures="0" tests="3" name="msg.group.tests.SubmitOrderTest" time="19.169" errors="0" timestamp="2025-05-06T11:37:12 MESZ" skipped="0">
  <testcase classname="msg.group.tests.SubmitOrderTest" name="submitOrder" time="7.240"/>
  <testcase classname="msg.group.tests.SubmitOrderTest" name="OrderHistoryTest" time="3.890"/>
  <testcase classname="msg.group.tests.SubmitOrderTest" name="submitOrder" time="8.039"/>
</testsuite> <!-- msg.group.tests.SubmitOrderTest -->
