<?xml version="1.0" encoding="UTF-8"?>
<!-- Generated by org.testng.reporters.JUnitReportReporter -->
<testsuite hostname="MSGN21027" failures="0" tests="2" name="cucumber.TestNGTestRunner" time="12.040" errors="0" timestamp="2025-05-07T13:49:46 MESZ" skipped="0">
  <testcase classname="cucumber.TestNGTestRunner" name="runScenario" time="6.574"/>
  <testcase classname="cucumber.TestNGTestRunner" name="runScenario" time="5.466"/>
</testsuite> <!-- cucumber.TestNGTestRunner -->
