<?xml version="1.0" encoding="UTF-8"?>
<!-- Generated by org.testng.reporters.JUnitReportReporter -->
<testsuite hostname="MSGN21027" failures="0" tests="3" name="msg.group.tests.SubmitOrderTest" time="17.048" errors="0" timestamp="2025-06-17T12:03:13 MESZ" skipped="0">
  <testcase classname="msg.group.tests.SubmitOrderTest" name="OrderHistoryTest" time="4.331"/>
  <testcase classname="msg.group.tests.SubmitOrderTest" name="submitOrder" time="6.200"/>
  <testcase classname="msg.group.tests.SubmitOrderTest" name="submitOrder" time="6.517"/>
</testsuite> <!-- msg.group.tests.SubmitOrderTest -->
