<?xml version="1.0" encoding="UTF-8"?>
<!-- Generated by org.testng.reporters.JUnitReportReporter -->
<testsuite hostname="MSGN21027" failures="0" tests="2" name="msg.group.tests.SubmitOrderTest" time="15.659" errors="0" timestamp="2025-06-12T17:24:36 MESZ" skipped="0">
  <testcase classname="msg.group.tests.SubmitOrderTest" name="submitOrder" time="9.070"/>
  <testcase classname="msg.group.tests.SubmitOrderTest" name="submitOrder" time="6.589"/>
</testsuite> <!-- msg.group.tests.SubmitOrderTest -->
