<?xml version="1.0" encoding="UTF-8"?>
<!-- Generated by org.testng.reporters.JUnitReportReporter -->
<testsuite hostname="MSGN21027" failures="0" tests="2" name="msg.group.SeleniumTest" time="0.001" errors="0" timestamp="2025-06-16T14:42:59 MESZ" skipped="0">
  <testcase classname="msg.group.SeleniumTest" name="elements" time="0.001"/>
  <testcase classname="msg.group.SeleniumTest" name="browserAutomation" time="0.000"/>
</testsuite> <!-- msg.group.SeleniumTest -->
