<?xml version="1.0" encoding="UTF-8"?>
<!-- Generated by org.testng.reporters.JUnitReportReporter -->
<testsuite hostname="MSGN21027" failures="0" tests="5" name="msg.group.java_streams.StreamsAndLambdaExpression" time="0.018" errors="0" timestamp="2025-06-17T12:06:50 MESZ" skipped="0">
  <testcase classname="msg.group.java_streams.StreamsAndLambdaExpression" name="streamCollect" time="0.003"/>
  <testcase classname="msg.group.java_streams.StreamsAndLambdaExpression" name="streamMap" time="0.003"/>
  <testcase classname="msg.group.java_streams.StreamsAndLambdaExpression" name="regular" time="0.001"/>
  <testcase classname="msg.group.java_streams.StreamsAndLambdaExpression" name="streamFilter" time="0.003"/>
  <testcase classname="msg.group.java_streams.StreamsAndLambdaExpression" name="mapTwoStreamList" time="0.008"/>
</testsuite> <!-- msg.group.java_streams.StreamsAndLambdaExpression -->
