<?xml version="1.0" encoding="UTF-8"?>
<!-- Generated by org.testng.reporters.JUnitReportReporter -->
<testsuite hostname="MSGN21027" failures="0" tests="1" name="msg.group.java_streams.StreamsBasic1" time="0.005" errors="0" timestamp="2025-04-15T08:27:16 MESZ" skipped="0">
  <testcase classname="msg.group.java_streams.StreamsBasic1" name="regular" time="0.005"/>
</testsuite> <!-- msg.group.java_streams.StreamsBasic1 -->
