<?xml version="1.0" encoding="UTF-8"?>
<!-- Generated by org.testng.reporters.JUnitReportReporter -->
<testsuite hostname="MSGN21027" failures="0" tests="1" name="msg.group.java_streams.StreamsAndLambdaExpression1" time="0.008" errors="0" timestamp="2025-04-15T10:58:09 MESZ" skipped="0">
  <testcase classname="msg.group.java_streams.StreamsAndLambdaExpression1" name="streamCollect" time="0.008"/>
</testsuite> <!-- msg.group.java_streams.StreamsAndLambdaExpression1 -->
