<?xml version="1.0" encoding="UTF-8"?>
<!-- Generated by org.testng.reporters.JUnitReportReporter -->
<testsuite hostname="MSGN21027" failures="0" tests="1" name="dataDriven.excelDataProvider.excelTest" time="0.495" errors="0" timestamp="2025-06-17T11:49:26 MESZ" skipped="0">
  <testcase classname="dataDriven.excelDataProvider.excelTest" name="test" time="0.495"/>
</testsuite> <!-- dataDriven.excelDataProvider.excelTest -->
