<?xml version="1.0" encoding="UTF-8"?>
<!-- Generated by org.testng.reporters.JUnitReportReporter -->
<testsuite hostname="MSGN21027" failures="0" tests="3" name="dataDriven.excelDataProvider.DataProvide" time="0.007" errors="0" timestamp="2025-05-12T15:08:01 MESZ" skipped="0">
  <testcase classname="dataDriven.excelDataProvider.DataProvide" name="testCaseData" time="0.006"/>
  <testcase classname="dataDriven.excelDataProvider.DataProvide" name="testCaseData" time="0.000"/>
  <testcase classname="dataDriven.excelDataProvider.DataProvide" name="testCaseData" time="0.001"/>
</testsuite> <!-- dataDriven.excelDataProvider.DataProvide -->
