<?xml version="1.0" encoding="UTF-8"?>
<!-- Generated by org.testng.reporters.JUnitReportReporter -->
<testsuite hostname="MSGN21027" failures="0" tests="2" name="msg.group.RESTAPITest" time="0.001" errors="0" timestamp="2025-06-16T15:09:46 MESZ" skipped="0">
  <testcase classname="msg.group.RESTAPITest" name="deleteTwitter" time="0.000"/>
  <testcase classname="msg.group.RESTAPITest" name="postJira" time="0.001"/>
</testsuite> <!-- msg.group.RESTAPITest -->
