<?xml version="1.0" encoding="UTF-8"?>
<!-- Generated by org.testng.reporters.JUnitReportReporter -->
<testsuite hostname="MSGN21027" failures="0" tests="2" name="msg.group.AppiumTest" time="0.002" errors="0" timestamp="2025-06-16T15:09:28 MESZ" skipped="0">
  <testcase classname="msg.group.AppiumTest" name="IOSApps" time="0.001"/>
  <testcase classname="msg.group.AppiumTest" name="nativeAppAndroid" time="0.001"/>
</testsuite> <!-- msg.group.AppiumTest -->
