<?xml version="1.0" encoding="UTF-8"?>
<!-- Generated by org.testng.reporters.JUnitReportReporter -->
<testsuite hostname="MSGN21027" failures="0" tests="2" name="msg.group.tests.ErrorValidationsTest" time="10.472" errors="0" timestamp="2025-05-02T15:32:02 MESZ" skipped="0">
  <testcase classname="msg.group.tests.ErrorValidationsTest" name="productErrorValidation" time="5.868"/>
  <testcase classname="msg.group.tests.ErrorValidationsTest" name="loginErrorValidation" time="4.604"/>
</testsuite> <!-- msg.group.tests.ErrorValidationsTest -->
