<?xml version="1.0" encoding="UTF-8"?>
<!-- Generated by org.testng.reporters.JUnitReportReporter -->
<testsuite hostname="MSGN21027" failures="0" tests="3" name="msg.group.tests.SubmitOrderTest" time="18.355" errors="0" timestamp="2025-05-02T15:32:02 MESZ" skipped="0">
  <testcase classname="msg.group.tests.SubmitOrderTest" name="submitOrder" time="7.293"/>
  <testcase classname="msg.group.tests.SubmitOrderTest" name="submitOrder" time="6.922"/>
  <testcase classname="msg.group.tests.SubmitOrderTest" name="OrderHistoryTest" time="4.140"/>
</testsuite> <!-- msg.group.tests.SubmitOrderTest -->
