<?xml version="1.0" encoding="UTF-8"?>
<!-- Generated by org.testng.reporters.JUnitReportReporter -->
<testsuite hostname="MSGN21027" failures="0" tests="2" name="cucumber.TestNGTestRunner" time="12.727" errors="0" timestamp="2025-05-06T13:42:11 MESZ" skipped="0">
  <testcase classname="cucumber.TestNGTestRunner" name="runScenario" time="7.522"/>
  <testcase classname="cucumber.TestNGTestRunner" name="runScenario" time="5.205"/>
</testsuite> <!-- cucumber.TestNGTestRunner -->
