<?xml version="1.0" encoding="UTF-8"?>
<!-- Generated by org.testng.reporters.JUnitReportReporter -->
<testsuite hostname="MSGN21027" failures="0" tests="2" name="msg.group.basics.Day4" time="0.002" errors="0" timestamp="2025-05-07T13:54:34 MESZ" skipped="0">
  <testcase classname="msg.group.basics.Day4" name="mobileLoginHomeLoan" time="0.001"/>
  <testcase classname="msg.group.basics.Day4" name="loginAPIHomeLoan" time="0.001"/>
</testsuite> <!-- msg.group.basics.Day4 -->
