<?xml version="1.0" encoding="UTF-8"?>
<!-- Generated by org.testng.reporters.JUnitReportReporter -->
<testsuite hostname="MSGN21027" failures="0" tests="2" name="msg.group.basics.Basics1" time="0.005" errors="0" timestamp="2025-04-22T09:47:52 MESZ" skipped="0">
  <testcase classname="msg.group.basics.Basics1" name="FirstDemo" time="0.005"/>
  <testcase classname="msg.group.basics.Basics1" name="SecondTest" time="0.000"/>
</testsuite> <!-- msg.group.basics.Basics1 -->
