<?xml version="1.0" encoding="UTF-8"?>
<!-- Generated by org.testng.reporters.JUnitReportReporter -->
<testsuite hostname="MSGN21027" failures="0" tests="1" name="msg.group.basics.Day2" time="0.001" errors="0" timestamp="2025-05-07T13:54:34 MESZ" skipped="0">
  <testcase classname="msg.group.basics.Day2" name="pLoan" time="0.001"/>
</testsuite> <!-- msg.group.basics.Day2 -->
