<?xml version="1.0" encoding="UTF-8"?>
<!-- Generated by org.testng.reporters.JUnitReportReporter -->
<testsuite hostname="MSGN21027" failures="0" tests="1" name="msg.group.objectorientedprinciples.PS1" time="0.013" errors="0" timestamp="2025-04-24T11:51:52 MESZ" skipped="0">
  <testcase classname="msg.group.objectorientedprinciples.PS1" name="testRun" time="0.013"/>
</testsuite> <!-- msg.group.objectorientedprinciples.PS1 -->
