<?xml version="1.0" encoding="UTF-8"?>
<!-- Generated by org.testng.reporters.JUnitReportReporter -->
<testsuite hostname="MSGN21027" failures="0" tests="8" name="msg.group.basics.Day3" time="0.012" errors="0" timestamp="2025-05-07T13:54:34 MESZ" skipped="1">
  <testcase classname="msg.group.basics.Day3" name="logoutAPICarLoan" time="0.005"/>
  <testcase classname="msg.group.basics.Day3" name="mobileLoginCarLoan" time="0.001"/>
  <testcase classname="msg.group.basics.Day3" name="mobileSignOutCarLoan" time="0.002"/>
  <testcase classname="msg.group.basics.Day3" name="mobileSignOutCarLoan" time="0.002"/>
  <testcase classname="msg.group.basics.Day3" name="loginAPICarLoan" time="0.001"/>
  <testcase classname="msg.group.basics.Day3" name="mobileSignOutCarLoan" time="0.001"/>
  <testcase classname="msg.group.basics.Day3" name="webLoginCarLoan" time="0.000"/>
  <testcase classname="msg.group.basics.Day3" name="mobileSignInCarLoan">
    <skipped/>
  </testcase> <!-- mobileSignInCarLoan -->
</testsuite> <!-- msg.group.basics.Day3 -->
