<?xml version="1.0" encoding="UTF-8"?>
<!-- Generated by org.testng.reporters.JUnitReportReporter -->
<testsuite hostname="MSGN21027" failures="0" tests="1" name="msg.group.ExtentReports.ExtentReportDemo" time="12.699" errors="0" timestamp="2025-05-07T13:47:27 MESZ" skipped="0">
  <testcase classname="msg.group.ExtentReports.ExtentReportDemo" name="initialDemo" time="12.699"/>
</testsuite> <!-- msg.group.ExtentReports.ExtentReportDemo -->
