<?xml version="1.0" encoding="UTF-8"?>
<!-- Generated by org.testng.reporters.JUnitReportReporter -->
<testsuite hostname="MSGN21027" failures="0" tests="1" name="msg.group.ExtentReports.ExtentReportDemo" time="5.658" errors="0" timestamp="2025-05-01T10:23:38 MESZ" skipped="0">
  <testcase classname="msg.group.ExtentReports.ExtentReportDemo" name="initialDemo" time="5.658"/>
</testsuite> <!-- msg.group.ExtentReports.ExtentReportDemo -->
