<?xml version="1.0" encoding="UTF-8"?>
<!-- Generated by org.testng.reporters.JUnitReportReporter -->
<testsuite hostname="MSGN21027" failures="0" tests="1" name="msg.group.tests.StandAloneTest" time="7.426" errors="0" timestamp="2025-04-30T10:07:58 MESZ" skipped="0">
  <testcase classname="msg.group.tests.StandAloneTest" name="submitOrder" time="7.426"/>
</testsuite> <!-- msg.group.tests.StandAloneTest -->
