<?xml version="1.0" encoding="UTF-8"?>
<!-- Generated by org.testng.reporters.JUnitReportReporter -->
<testsuite hostname="MSGN21027" failures="0" tests="3" name="msg.group.tests.SubmitOrderTest" time="19.816" errors="0" timestamp="2025-05-07T13:50:46 MESZ" skipped="0">
  <testcase classname="msg.group.tests.SubmitOrderTest" name="OrderHistoryTest" time="5.366"/>
  <testcase classname="msg.group.tests.SubmitOrderTest" name="submitOrder" time="7.193"/>
  <testcase classname="msg.group.tests.SubmitOrderTest" name="submitOrder" time="7.257"/>
</testsuite> <!-- msg.group.tests.SubmitOrderTest -->
