<?xml version="1.0" encoding="UTF-8"?>
<!-- Generated by org.testng.reporters.JUnitReportReporter -->
<testsuite hostname="MSGN21027" failures="0" tests="1" name="msg.group.tests.ErrorValidationsTest" time="4.716" errors="0" timestamp="2025-06-12T11:29:59 MESZ" skipped="0">
  <testcase classname="msg.group.tests.ErrorValidationsTest" name="loginErrorValidation" time="4.716"/>
</testsuite> <!-- msg.group.tests.ErrorValidationsTest -->
